<?xml version="1.0" encoding="UTF-8"?>
<!-- Generated by org.testng.reporters.JUnitReportReporter -->
<testsuite hostname="DESKTOP-J4GD52D" failures="0" tests="3" name="A" time="8.625" errors="0" timestamp="2025-03-19T10:22:50 GMT+03:00" skipped="0">
  <testcase classname="A" name="testLoginwithnonvalid" time="0.909"/>
  <testcase classname="A" name="testLogin" time="1.060"/>
  <testcase classname="A" name="practice" time="6.656"/>
</testsuite> <!-- A -->
